<?xml version="1.0" encoding="UTF-8"?>
<testsuite name="com.mindex.challenge.service.impl.EmployeeServiceImplTest" tests="1" skipped="0" failures="0" errors="0" timestamp="2023-07-02T17:51:26" hostname="DESKTOP-1PDEOPQ" time="0.179">
  <properties/>
  <testcase name="testCreateReadUpdate" classname="com.mindex.challenge.service.impl.EmployeeServiceImplTest" time="0.179"/>
  <system-out><![CDATA[2023-07-02 13:51:25.584  INFO 31648 --- [    Test worker] .b.t.c.SpringBootTestContextBootstrapper : Neither @ContextConfiguration nor @ContextHierarchy found for test class [com.mindex.challenge.service.impl.EmployeeServiceImplTest], using SpringBootContextLoader
2023-07-02 13:51:25.585  INFO 31648 --- [    Test worker] o.s.t.c.support.AbstractContextLoader    : Could not detect default resource locations for test class [com.mindex.challenge.service.impl.EmployeeServiceImplTest]: no resource found for suffixes {-context.xml, Context.groovy}.
2023-07-02 13:51:25.585  INFO 31648 --- [    Test worker] t.c.s.AnnotationConfigContextLoaderUtils : Could not detect default configuration classes for test class [com.mindex.challenge.service.impl.EmployeeServiceImplTest]: EmployeeServiceImplTest does not declare any static, non-private, non-final, nested classes annotated with @Configuration.
2023-07-02 13:51:25.592  INFO 31648 --- [    Test worker] .b.t.c.SpringBootTestContextBootstrapper : Found @SpringBootConfiguration com.mindex.challenge.ChallengeApplication for test class com.mindex.challenge.service.impl.EmployeeServiceImplTest
2023-07-02 13:51:25.592  INFO 31648 --- [    Test worker] .b.t.c.SpringBootTestContextBootstrapper : Loaded default TestExecutionListener class names from location [META-INF/spring.factories]: [org.springframework.boot.test.autoconfigure.restdocs.RestDocsTestExecutionListener, org.springframework.boot.test.autoconfigure.web.client.MockRestServiceServerResetTestExecutionListener, org.springframework.boot.test.autoconfigure.web.servlet.MockMvcPrintOnlyOnFailureTestExecutionListener, org.springframework.boot.test.autoconfigure.web.servlet.WebDriverTestExecutionListener, org.springframework.boot.test.mock.mockito.MockitoTestExecutionListener, org.springframework.boot.test.mock.mockito.ResetMocksTestExecutionListener, org.springframework.test.context.web.ServletTestExecutionListener, org.springframework.test.context.support.DirtiesContextBeforeModesTestExecutionListener, org.springframework.test.context.support.DependencyInjectionTestExecutionListener, org.springframework.test.context.support.DirtiesContextTestExecutionListener, org.springframework.test.context.transaction.TransactionalTestExecutionListener, org.springframework.test.context.jdbc.SqlScriptsTestExecutionListener, org.springframework.test.context.event.EventPublishingTestExecutionListener]
2023-07-02 13:51:25.593  INFO 31648 --- [    Test worker] .b.t.c.SpringBootTestContextBootstrapper : Using TestExecutionListeners: [org.springframework.test.context.web.ServletTestExecutionListener@1f3c5308, org.springframework.test.context.support.DirtiesContextBeforeModesTestExecutionListener@66b31d46, org.springframework.boot.test.mock.mockito.MockitoTestExecutionListener@51e94b7d, org.springframework.boot.test.autoconfigure.SpringBootDependencyInjectionTestExecutionListener@47162173, org.springframework.test.context.support.DirtiesContextTestExecutionListener@3a4f8e8a, org.springframework.test.context.transaction.TransactionalTestExecutionListener@4468fda8, org.springframework.test.context.jdbc.SqlScriptsTestExecutionListener@5fc1e4fb, org.springframework.test.context.event.EventPublishingTestExecutionListener@29aa4bc9, org.springframework.boot.test.autoconfigure.restdocs.RestDocsTestExecutionListener@6fd7aba8, org.springframework.boot.test.autoconfigure.web.client.MockRestServiceServerResetTestExecutionListener@6c519e47, org.springframework.boot.test.autoconfigure.web.servlet.MockMvcPrintOnlyOnFailureTestExecutionListener@3ce7490a, org.springframework.boot.test.autoconfigure.web.servlet.WebDriverTestExecutionListener@4768b95c, org.springframework.boot.test.mock.mockito.ResetMocksTestExecutionListener@1530d0f2]

  .   ____          _            __ _ _
 /\\ / ___'_ __ _ _(_)_ __  __ _ \ \ \ \
( ( )\___ | '_ | '_| | '_ \/ _` | \ \ \ \
 \\/  ___)| |_)| | | | | || (_| |  ) ) ) )
  '  |____| .__|_| |_|_| |_\__, | / / / /
 =========|_|==============|___/=/_/_/_/
 :: Spring Boot ::        (v2.2.0.RELEASE)

2023-07-02 13:51:25.617  INFO 31648 --- [    Test worker] c.m.c.s.impl.EmployeeServiceImplTest     : Starting EmployeeServiceImplTest on DESKTOP-1PDEOPQ with PID 31648 (started by Brendan in C:\Users\Brendan\IdeaProjects\mindex-tutorial)
2023-07-02 13:51:25.617 DEBUG 31648 --- [    Test worker] c.m.c.s.impl.EmployeeServiceImplTest     : Running with Spring Boot v2.2.0.RELEASE, Spring v5.2.0.RELEASE
2023-07-02 13:51:25.617  INFO 31648 --- [    Test worker] c.m.c.s.impl.EmployeeServiceImplTest     : No active profile set, falling back to default profiles: default
2023-07-02 13:51:25.698  INFO 31648 --- [    Test worker] .s.d.r.c.RepositoryConfigurationDelegate : Bootstrapping Spring Data repositories in DEFAULT mode.
2023-07-02 13:51:25.702  INFO 31648 --- [    Test worker] .s.d.r.c.RepositoryConfigurationDelegate : Finished Spring Data repository scanning in 3ms. Found 1 repository interfaces.
2023-07-02 13:51:25.956  INFO 31648 --- [    Test worker] o.s.b.w.embedded.tomcat.TomcatWebServer  : Tomcat initialized with port(s): 0 (http)
2023-07-02 13:51:25.963  INFO 31648 --- [    Test worker] o.apache.catalina.core.StandardService   : Starting service [Tomcat]
2023-07-02 13:51:25.964  INFO 31648 --- [    Test worker] org.apache.catalina.core.StandardEngine  : Starting Servlet engine: [Apache Tomcat/9.0.27]
2023-07-02 13:51:26.072  INFO 31648 --- [    Test worker] o.a.c.c.C.[Tomcat].[localhost].[/]       : Initializing Spring embedded WebApplicationContext
2023-07-02 13:51:26.072  INFO 31648 --- [    Test worker] o.s.web.context.ContextLoader            : Root WebApplicationContext: initialization completed in 453 ms
2023-07-02 13:51:26.250  INFO 31648 --- [    Test worker] de.bwaldvogel.mongo.MongoServer          : started MongoServer(port: 60571, ssl: false)
2023-07-02 13:51:26.251  INFO 31648 --- [    Test worker] org.mongodb.driver.cluster               : Cluster created with settings {hosts=[127.0.0.1:60571], mode=SINGLE, requiredClusterType=UNKNOWN, serverSelectionTimeout='30000 ms', maxWaitQueueSize=500}
2023-07-02 13:51:26.253  INFO 31648 --- [-server-worker1] d.b.mongo.wire.MongoWireProtocolHandler  : client [id: 0xd713438c, L:/127.0.0.1:60571 - R:/127.0.0.1:60572] connected
2023-07-02 13:51:26.257  WARN 31648 --- [    Test worker] o.s.data.convert.CustomConversions       : Registering converter from class java.time.LocalDateTime to class java.time.Instant as reading converter although it doesn't convert from a store-supported type! You might wanna check you annotation setup at the converter implementation.
2023-07-02 13:51:26.257  WARN 31648 --- [    Test worker] o.s.data.convert.CustomConversions       : Registering converter from class java.time.Instant to class java.time.LocalDateTime as reading converter although it doesn't convert from a store-supported type! You might wanna check you annotation setup at the converter implementation.
2023-07-02 13:51:26.257  WARN 31648 --- [    Test worker] o.s.data.convert.CustomConversions       : Registering converter from class java.time.LocalDateTime to class java.time.Instant as reading converter although it doesn't convert from a store-supported type! You might wanna check you annotation setup at the converter implementation.
2023-07-02 13:51:26.257  WARN 31648 --- [    Test worker] o.s.data.convert.CustomConversions       : Registering converter from class java.time.Instant to class java.time.LocalDateTime as reading converter although it doesn't convert from a store-supported type! You might wanna check you annotation setup at the converter implementation.
2023-07-02 13:51:26.260  INFO 31648 --- [127.0.0.1:60571] org.mongodb.driver.connection            : Opened connection [connectionId{localValue:3}] to 127.0.0.1:60571
2023-07-02 13:51:26.261  INFO 31648 --- [127.0.0.1:60571] org.mongodb.driver.cluster               : Monitor thread successfully connected to server with description ServerDescription{address=127.0.0.1:60571, type=STANDALONE, state=CONNECTED, ok=true, version=ServerVersion{versionList=[3, 0, 0]}, minWireVersion=0, maxWireVersion=2, maxDocumentSize=16777216, logicalSessionTimeoutMinutes=null, roundTripTimeNanos=719100}
2023-07-02 13:51:26.302  INFO 31648 --- [-server-worker2] d.b.mongo.wire.MongoWireProtocolHandler  : client [id: 0xdc8e46f8, L:/127.0.0.1:60571 - R:/127.0.0.1:60573] connected
2023-07-02 13:51:26.308  INFO 31648 --- [    Test worker] org.mongodb.driver.connection            : Opened connection [connectionId{localValue:4}] to 127.0.0.1:60571
2023-07-02 13:51:26.309  INFO 31648 --- [-server-worker2] d.b.mongo.backend.AbstractMongoBackend   : created database test
2023-07-02 13:51:26.309  INFO 31648 --- [-server-worker2] d.b.mongo.backend.AbstractMongoDatabase  : adding unique _id index for collection employee
2023-07-02 13:51:26.309  INFO 31648 --- [-server-worker2] d.b.mongo.backend.AbstractMongoDatabase  : created collection test.employee
2023-07-02 13:51:26.413  INFO 31648 --- [    Test worker] o.s.s.concurrent.ThreadPoolTaskExecutor  : Initializing ExecutorService 'applicationTaskExecutor'
2023-07-02 13:51:26.494  WARN 31648 --- [    Test worker] o.s.data.convert.CustomConversions       : Registering converter from class java.time.LocalDateTime to class java.time.Instant as reading converter although it doesn't convert from a store-supported type! You might wanna check you annotation setup at the converter implementation.
2023-07-02 13:51:26.494  WARN 31648 --- [    Test worker] o.s.data.convert.CustomConversions       : Registering converter from class java.time.Instant to class java.time.LocalDateTime as reading converter although it doesn't convert from a store-supported type! You might wanna check you annotation setup at the converter implementation.
2023-07-02 13:51:26.506  WARN 31648 --- [    Test worker] o.s.data.convert.CustomConversions       : Registering converter from class java.time.LocalDateTime to class java.time.Instant as reading converter although it doesn't convert from a store-supported type! You might wanna check you annotation setup at the converter implementation.
2023-07-02 13:51:26.506  WARN 31648 --- [    Test worker] o.s.data.convert.CustomConversions       : Registering converter from class java.time.Instant to class java.time.LocalDateTime as reading converter although it doesn't convert from a store-supported type! You might wanna check you annotation setup at the converter implementation.
2023-07-02 13:51:26.562  INFO 31648 --- [    Test worker] o.s.b.w.embedded.tomcat.TomcatWebServer  : Tomcat started on port(s): 60574 (http) with context path ''
2023-07-02 13:51:26.562  INFO 31648 --- [    Test worker] c.m.c.s.impl.EmployeeServiceImplTest     : Started EmployeeServiceImplTest in 0.968 seconds (JVM running for 4.105)
2023-07-02 13:51:26.681  INFO 31648 --- [o-auto-1-exec-1] o.a.c.c.C.[Tomcat].[localhost].[/]       : Initializing Spring DispatcherServlet 'dispatcherServlet'
2023-07-02 13:51:26.682  INFO 31648 --- [o-auto-1-exec-1] o.s.web.servlet.DispatcherServlet        : Initializing Servlet 'dispatcherServlet'
2023-07-02 13:51:26.695  INFO 31648 --- [o-auto-1-exec-1] o.s.web.servlet.DispatcherServlet        : Completed initialization in 13 ms
2023-07-02 13:51:26.720 DEBUG 31648 --- [o-auto-1-exec-1] c.m.c.controller.EmployeeController      : Received employee create request for [com.mindex.challenge.data.Employee@37ac41b3]
2023-07-02 13:51:26.721 DEBUG 31648 --- [o-auto-1-exec-1] c.m.c.service.impl.EmployeeServiceImpl   : Creating employee [com.mindex.challenge.data.Employee@37ac41b3]
2023-07-02 13:51:26.735 DEBUG 31648 --- [o-auto-1-exec-2] c.m.c.controller.EmployeeController      : Received employee create request for id [1c25b9d1-a53d-4b84-bd95-ea5cc1bc868c]
2023-07-02 13:51:26.735 DEBUG 31648 --- [o-auto-1-exec-2] c.m.c.service.impl.EmployeeServiceImpl   : Creating employee with id [1c25b9d1-a53d-4b84-bd95-ea5cc1bc868c]
2023-07-02 13:51:26.740 DEBUG 31648 --- [o-auto-1-exec-3] c.m.c.controller.EmployeeController      : Received employee create request for id [1c25b9d1-a53d-4b84-bd95-ea5cc1bc868c] and employee [com.mindex.challenge.data.Employee@19fdf8ef]
2023-07-02 13:51:26.741 DEBUG 31648 --- [o-auto-1-exec-3] c.m.c.service.impl.EmployeeServiceImpl   : Updating employee [com.mindex.challenge.data.Employee@19fdf8ef]
]]></system-out>
  <system-err><![CDATA[]]></system-err>
</testsuite>
