<?xml version="1.0" encoding="UTF-8"?>
<testsuite name="com.mindex.challenge.DataBootstrapTest" tests="1" skipped="0" failures="0" errors="0" timestamp="2023-07-02T17:51:25" hostname="DESKTOP-1PDEOPQ" time="0.039">
  <properties/>
  <testcase name="test" classname="com.mindex.challenge.DataBootstrapTest" time="0.039"/>
  <system-out><![CDATA[2023-07-02 13:51:25.536  INFO 31648 --- [    Test worker] .b.t.c.SpringBootTestContextBootstrapper : Neither @ContextConfiguration nor @ContextHierarchy found for test class [com.mindex.challenge.DataBootstrapTest], using SpringBootContextLoader
2023-07-02 13:51:25.537  INFO 31648 --- [    Test worker] o.s.t.c.support.AbstractContextLoader    : Could not detect default resource locations for test class [com.mindex.challenge.DataBootstrapTest]: no resource found for suffixes {-context.xml, Context.groovy}.
2023-07-02 13:51:25.537  INFO 31648 --- [    Test worker] t.c.s.AnnotationConfigContextLoaderUtils : Could not detect default configuration classes for test class [com.mindex.challenge.DataBootstrapTest]: DataBootstrapTest does not declare any static, non-private, non-final, nested classes annotated with @Configuration.
2023-07-02 13:51:25.538  INFO 31648 --- [    Test worker] .b.t.c.SpringBootTestContextBootstrapper : Found @SpringBootConfiguration com.mindex.challenge.ChallengeApplication for test class com.mindex.challenge.DataBootstrapTest
2023-07-02 13:51:25.539  INFO 31648 --- [    Test worker] .b.t.c.SpringBootTestContextBootstrapper : Loaded default TestExecutionListener class names from location [META-INF/spring.factories]: [org.springframework.boot.test.autoconfigure.restdocs.RestDocsTestExecutionListener, org.springframework.boot.test.autoconfigure.web.client.MockRestServiceServerResetTestExecutionListener, org.springframework.boot.test.autoconfigure.web.servlet.MockMvcPrintOnlyOnFailureTestExecutionListener, org.springframework.boot.test.autoconfigure.web.servlet.WebDriverTestExecutionListener, org.springframework.boot.test.mock.mockito.MockitoTestExecutionListener, org.springframework.boot.test.mock.mockito.ResetMocksTestExecutionListener, org.springframework.test.context.web.ServletTestExecutionListener, org.springframework.test.context.support.DirtiesContextBeforeModesTestExecutionListener, org.springframework.test.context.support.DependencyInjectionTestExecutionListener, org.springframework.test.context.support.DirtiesContextTestExecutionListener, org.springframework.test.context.transaction.TransactionalTestExecutionListener, org.springframework.test.context.jdbc.SqlScriptsTestExecutionListener, org.springframework.test.context.event.EventPublishingTestExecutionListener]
2023-07-02 13:51:25.539  INFO 31648 --- [    Test worker] .b.t.c.SpringBootTestContextBootstrapper : Using TestExecutionListeners: [org.springframework.test.context.web.ServletTestExecutionListener@26865b57, org.springframework.test.context.support.DirtiesContextBeforeModesTestExecutionListener@46894dc5, org.springframework.boot.test.mock.mockito.MockitoTestExecutionListener@596afb2f, org.springframework.boot.test.autoconfigure.SpringBootDependencyInjectionTestExecutionListener@79ba0285, org.springframework.test.context.support.DirtiesContextTestExecutionListener@6df2a206, org.springframework.test.context.transaction.TransactionalTestExecutionListener@61993d18, org.springframework.test.context.jdbc.SqlScriptsTestExecutionListener@6f240187, org.springframework.test.context.event.EventPublishingTestExecutionListener@46a388cc, org.springframework.boot.test.autoconfigure.restdocs.RestDocsTestExecutionListener@3e39f08c, org.springframework.boot.test.autoconfigure.web.client.MockRestServiceServerResetTestExecutionListener@16e07bae, org.springframework.boot.test.autoconfigure.web.servlet.MockMvcPrintOnlyOnFailureTestExecutionListener@598778cc, org.springframework.boot.test.autoconfigure.web.servlet.WebDriverTestExecutionListener@3386ed8, org.springframework.boot.test.mock.mockito.ResetMocksTestExecutionListener@727453a3]
]]></system-out>
  <system-err><![CDATA[]]></system-err>
</testsuite>
